2025-03-12 21:15:36 --- Archivo 2025-03-12 21.15.log creado con éxito en F:\Python\Proyecto Final Administradores de Bases de Datos\static\logs\2025-03-12 21.15.log
2025-03-12 21:15:36 --- [31m[1mWARNING: This is a development server. Do not use it in a production deployment. Use a production WSGI server instead.[0m
 * Running on http://127.0.0.1:5000
2025-03-12 21:15:36 --- [33mPress CTRL+C to quit[0m
2025-03-12 21:15:36 ---  * Restarting with stat
2025-03-12 21:15:38 --- Archivo 2025-03-12 21.15.log creado con éxito en F:\Python\Proyecto Final Administradores de Bases de Datos\static\logs\2025-03-12 21.15.log
2025-03-12 21:15:38 ---  * Debugger is active!
2025-03-12 21:15:39 ---  * Debugger PIN: 827-411-152
2025-03-12 21:15:51 --- Se abrió la página Homepage desde: 127.0.0.1
2025-03-12 21:15:51 --- 127.0.0.1 - - [12/Mar/2025 21:15:51] "GET / HTTP/1.1" 200 -
2025-03-12 21:15:52 --- 127.0.0.1 - - [12/Mar/2025 21:15:52] "GET /static/css/style.css HTTP/1.1" 200 -
2025-03-12 21:15:53 --- Se abrió la página Homepage desde: 127.0.0.1
2025-03-12 21:15:53 --- 127.0.0.1 - - [12/Mar/2025 21:15:53] "GET / HTTP/1.1" 200 -
2025-03-12 21:15:53 --- 127.0.0.1 - - [12/Mar/2025 21:15:53] "[36mGET /static/css/style.css HTTP/1.1[0m" 304 -
2025-03-12 21:15:54 --- Se abrió la página Homepage desde: 127.0.0.1
2025-03-12 21:15:54 --- 127.0.0.1 - - [12/Mar/2025 21:15:54] "GET / HTTP/1.1" 200 -
2025-03-12 21:15:54 --- 127.0.0.1 - - [12/Mar/2025 21:15:54] "[36mGET /static/css/style.css HTTP/1.1[0m" 304 -
2025-03-12 21:18:45 ---  * Detected change in 'F:\\Python\\Proyecto Final Administradores de Bases de Datos\\database.py', reloading
2025-03-12 21:18:45 --- Servidor desconectado
2025-03-12 21:18:45 ---  * Restarting with stat
2025-03-12 21:19:14 ---  * Restarting with stat
2025-03-12 21:20:10 ---  * Restarting with stat
2025-03-12 21:20:22 ---  * Restarting with stat
2025-03-12 21:20:59 ---  * Restarting with stat
2025-03-12 21:21:49 ---  * Restarting with stat
2025-03-12 21:24:21 ---  * Restarting with stat
2025-03-12 21:25:24 ---  * Restarting with stat
2025-03-12 21:25:46 ---  * Restarting with stat
2025-03-12 21:26:14 ---  * Restarting with stat
2025-03-12 21:26:47 ---  * Restarting with stat
2025-03-12 21:27:14 ---  * Restarting with stat
2025-03-12 21:27:24 ---  * Restarting with stat
2025-03-12 21:27:36 ---  * Restarting with stat
2025-03-12 21:27:59 ---  * Restarting with stat
2025-03-12 21:28:27 ---  * Restarting with stat
2025-03-12 21:28:44 ---  * Restarting with stat
2025-03-12 21:29:45 ---  * Restarting with stat
2025-03-12 21:30:44 ---  * Restarting with stat
2025-03-12 21:30:57 ---  * Restarting with stat
2025-03-12 21:31:13 ---  * Restarting with stat
2025-03-12 21:31:25 ---  * Restarting with stat
2025-03-12 21:32:06 ---  * Restarting with stat
2025-03-12 21:33:03 ---  * Restarting with stat
2025-03-12 21:33:32 ---  * Restarting with stat
2025-03-12 21:33:59 ---  * Restarting with stat
2025-03-12 21:35:41 ---  * Restarting with stat
2025-03-12 21:36:48 ---  * Restarting with stat
2025-03-12 21:37:20 ---  * Restarting with stat
2025-03-12 21:37:49 ---  * Restarting with stat
2025-03-12 21:38:01 ---  * Restarting with stat
2025-03-12 21:38:12 ---  * Restarting with stat
2025-03-12 21:40:04 ---  * Restarting with stat
2025-03-12 21:40:39 ---  * Restarting with stat
2025-03-12 21:41:34 ---  * Restarting with stat
2025-03-12 21:41:45 ---  * Restarting with stat
2025-03-12 21:42:37 ---  * Restarting with stat
2025-03-12 21:43:23 ---  * Restarting with stat
2025-03-12 21:43:44 ---  * Restarting with stat
2025-03-12 21:44:23 ---  * Restarting with stat
2025-03-12 21:45:23 ---  * Restarting with stat
2025-03-12 21:45:40 ---  * Restarting with stat
2025-03-12 21:48:42 ---  * Restarting with stat
2025-03-12 21:50:45 ---  * Restarting with stat
2025-03-12 21:53:19 ---  * Restarting with stat
2025-03-12 21:54:29 ---  * Restarting with stat
2025-03-12 21:55:17 ---  * Restarting with stat
2025-03-12 21:55:40 ---  * Restarting with stat
2025-03-12 21:56:43 ---  * Restarting with stat
2025-03-12 21:58:33 ---  * Restarting with stat
2025-03-12 21:58:46 ---  * Restarting with stat
2025-03-12 22:01:47 ---  * Restarting with stat
2025-03-12 22:02:26 ---  * Restarting with stat
2025-03-12 22:04:30 ---  * Restarting with stat
2025-03-12 22:04:54 ---  * Restarting with stat
2025-03-13 07:06:34 ---  * Restarting with stat
2025-03-13 07:07:59 ---  * Restarting with stat
2025-03-13 07:10:22 ---  * Restarting with stat
2025-03-13 07:10:55 ---  * Restarting with stat
2025-03-13 07:11:14 ---  * Restarting with stat
2025-03-13 07:11:34 ---  * Restarting with stat
2025-03-13 07:12:08 ---  * Restarting with stat
2025-03-13 07:14:19 ---  * Restarting with stat
2025-03-13 07:16:30 ---  * Restarting with stat
2025-03-13 07:17:13 ---  * Restarting with stat
2025-03-13 07:17:43 ---  * Restarting with stat
2025-03-13 07:18:27 ---  * Restarting with stat
2025-03-13 07:20:24 ---  * Restarting with stat
2025-03-13 07:22:32 ---  * Restarting with stat
2025-03-13 07:23:50 ---  * Restarting with stat
2025-03-13 07:25:02 ---  * Restarting with stat
2025-03-13 07:25:40 ---  * Restarting with stat
2025-03-13 07:31:13 ---  * Restarting with stat
2025-03-13 07:31:26 ---  * Restarting with stat
2025-03-13 07:35:50 ---  * Restarting with stat
2025-03-13 07:37:19 ---  * Restarting with stat
2025-03-13 07:39:37 ---  * Restarting with stat
2025-03-13 07:39:56 ---  * Restarting with stat
2025-03-13 07:40:09 ---  * Restarting with stat
2025-03-13 07:40:35 ---  * Restarting with stat
2025-03-13 07:41:29 ---  * Restarting with stat
2025-03-13 07:41:43 ---  * Restarting with stat
2025-03-13 07:42:18 ---  * Restarting with stat
2025-03-13 07:44:39 ---  * Restarting with stat
2025-03-13 07:45:38 ---  * Restarting with stat
2025-03-13 07:47:32 ---  * Restarting with stat
2025-03-13 07:49:20 ---  * Restarting with stat
2025-03-13 07:49:23 --- Servidor desconectado
