2025-03-18 01:30:08 --- Archivo 2025-03-18 01.30.log creado con éxito en /workspaces/arquitecturaMaquinas/Administradores de Bases de Datos/static/logs/2025-03-18 01.30.log
2025-03-18 01:30:08 ---  * Debugger is active!
2025-03-18 01:30:08 ---  * Debugger PIN: 238-360-924
2025-03-18 01:30:27 ---  * Detected change in '/workspaces/arquitecturaMaquinas/Administradores de Bases de Datos/app.py', reloading
2025-03-18 01:30:27 --- Servidor desconectado
2025-03-18 01:30:27 --- Archivo 2025-03-18 01.30.log creado con éxito en /workspaces/arquitecturaMaquinas/Administradores de Bases de Datos/static/logs/2025-03-18 01.30.log
2025-03-18 01:30:27 ---  * Debugger is active!
2025-03-18 01:30:27 ---  * Debugger PIN: 238-360-924
2025-03-18 01:30:30 ---  * Detected change in '/workspaces/arquitecturaMaquinas/Administradores de Bases de Datos/app.py', reloading
2025-03-18 01:30:30 --- Servidor desconectado
2025-03-18 01:30:30 --- Archivo 2025-03-18 01.30.log creado con éxito en /workspaces/arquitecturaMaquinas/Administradores de Bases de Datos/static/logs/2025-03-18 01.30.log
2025-03-18 01:30:30 ---  * Debugger is active!
2025-03-18 01:30:30 ---  * Debugger PIN: 238-360-924
2025-03-18 01:30:51 ---  * Detected change in '/workspaces/arquitecturaMaquinas/Administradores de Bases de Datos/app.py', reloading
2025-03-18 01:30:51 --- Servidor desconectado
2025-03-18 01:30:51 --- Archivo 2025-03-18 01.30.log creado con éxito en /workspaces/arquitecturaMaquinas/Administradores de Bases de Datos/static/logs/2025-03-18 01.30.log
2025-03-18 01:30:51 ---  * Debugger is active!
2025-03-18 01:30:51 ---  * Debugger PIN: 238-360-924
2025-03-18 01:30:52 ---  * Detected change in '/workspaces/arquitecturaMaquinas/Administradores de Bases de Datos/app.py', reloading
2025-03-18 01:30:52 --- Servidor desconectado
2025-03-18 01:30:53 --- Archivo 2025-03-18 01.30.log creado con éxito en /workspaces/arquitecturaMaquinas/Administradores de Bases de Datos/static/logs/2025-03-18 01.30.log
2025-03-18 01:30:53 ---  * Debugger is active!
2025-03-18 01:30:53 ---  * Debugger PIN: 238-360-924
2025-03-18 01:31:05 ---  * Detected change in '/workspaces/arquitecturaMaquinas/Administradores de Bases de Datos/app.py', reloading
2025-03-18 01:31:05 --- Servidor desconectado
