2025-03-18 01:29:07 --- Archivo 2025-03-18 01.29.log creado con éxito en /workspaces/arquitecturaMaquinas/Administradores de Bases de Datos/static/logs/2025-03-18 01.29.log
2025-03-18 01:29:07 ---  * Debugger is active!
2025-03-18 01:29:07 ---  * Debugger PIN: 238-360-924
2025-03-18 01:29:15 --- 127.0.0.1 - - [18/Mar/2025 01:29:15] "[31m[1mPOST /login HTTP/1.1[0m" 401 -
2025-03-18 01:29:26 ---  * Detected change in '/workspaces/arquitecturaMaquinas/Administradores de Bases de Datos/app.py', reloading
2025-03-18 01:29:26 --- Servidor desconectado
2025-03-18 01:29:26 --- Archivo 2025-03-18 01.29.log creado con éxito en /workspaces/arquitecturaMaquinas/Administradores de Bases de Datos/static/logs/2025-03-18 01.29.log
2025-03-18 01:29:26 ---  * Debugger is active!
2025-03-18 01:29:26 ---  * Debugger PIN: 238-360-924
2025-03-18 01:29:51 ---  * Detected change in '/workspaces/arquitecturaMaquinas/Administradores de Bases de Datos/app.py', reloading
2025-03-18 01:29:51 --- Servidor desconectado
2025-03-18 01:29:51 --- Archivo 2025-03-18 01.29.log creado con éxito en /workspaces/arquitecturaMaquinas/Administradores de Bases de Datos/static/logs/2025-03-18 01.29.log
2025-03-18 01:29:51 ---  * Debugger is active!
2025-03-18 01:29:51 ---  * Debugger PIN: 238-360-924
2025-03-18 01:29:55 ---  * Detected change in '/workspaces/arquitecturaMaquinas/Administradores de Bases de Datos/app.py', reloading
2025-03-18 01:29:55 --- Servidor desconectado
2025-03-18 01:29:56 --- Archivo 2025-03-18 01.29.log creado con éxito en /workspaces/arquitecturaMaquinas/Administradores de Bases de Datos/static/logs/2025-03-18 01.29.log
2025-03-18 01:29:56 ---  * Debugger is active!
2025-03-18 01:29:56 ---  * Debugger PIN: 238-360-924
2025-03-18 01:30:08 ---  * Detected change in '/workspaces/arquitecturaMaquinas/Administradores de Bases de Datos/app.py', reloading
2025-03-18 01:30:08 --- Servidor desconectado
