2025-04-23 17:08:57 --- Archivo 2025-04-23 17.08.log creado con éxito en H:\Python\Administradores de Bases de Datos P. Final\static\logs\2025-04-23 17.08.log
2025-04-23 17:08:57 --- [31m[1mWARNING: This is a development server. Do not use it in a production deployment. Use a production WSGI server instead.[0m
 * Running on http://127.0.0.1:5000
2025-04-23 17:08:57 --- [33mPress CTRL+C to quit[0m
2025-04-23 17:08:57 ---  * Restarting with stat
2025-04-23 18:17:36 ---  * Restarting with stat
2025-04-23 18:18:33 ---  * Restarting with stat
2025-04-23 18:19:17 ---  * Restarting with stat
2025-04-23 18:21:16 ---  * Restarting with stat
2025-04-23 18:21:53 ---  * Restarting with stat
2025-04-23 18:23:48 ---  * Restarting with stat
2025-04-23 18:25:14 ---  * Restarting with stat
2025-04-23 18:55:09 ---  * Restarting with stat
2025-04-23 18:56:30 ---  * Restarting with stat
2025-04-23 18:58:17 ---  * Restarting with stat
2025-04-23 18:58:57 ---  * Restarting with stat
2025-04-23 19:00:11 ---  * Restarting with stat
2025-04-23 19:00:24 ---  * Restarting with stat
2025-04-23 19:03:50 ---  * Restarting with stat
2025-04-23 19:04:10 ---  * Restarting with stat
2025-04-23 19:04:38 ---  * Restarting with stat
2025-04-23 19:07:06 ---  * Restarting with stat
2025-04-23 19:08:03 ---  * Restarting with stat
2025-04-23 19:09:56 ---  * Restarting with stat
2025-04-23 19:12:14 ---  * Restarting with stat
2025-04-23 19:15:17 ---  * Restarting with stat
2025-04-23 19:15:49 ---  * Restarting with stat
2025-04-23 19:16:28 ---  * Restarting with stat
2025-04-23 19:16:51 ---  * Restarting with stat
2025-04-23 19:17:20 ---  * Restarting with stat
2025-04-23 19:17:35 ---  * Restarting with stat
2025-04-23 19:18:27 ---  * Restarting with stat
2025-04-23 19:19:20 ---  * Restarting with stat
2025-04-23 19:19:35 ---  * Restarting with stat
2025-04-23 19:21:04 ---  * Restarting with stat
2025-04-23 19:21:20 ---  * Restarting with stat
2025-04-23 19:22:13 ---  * Restarting with stat
2025-04-23 19:30:11 ---  * Restarting with stat
2025-04-23 19:34:03 ---  * Restarting with stat
2025-04-23 19:35:20 ---  * Restarting with stat
2025-04-23 19:36:05 ---  * Restarting with stat
2025-04-23 19:36:54 ---  * Restarting with stat
2025-04-23 19:36:58 --- Servidor desconectado
