2025-03-28 15:16:32 --- Archivo 2025-03-28 15.16.log creado con éxito en E:\Python\Proyecto Final Administradores de Bases de Datos\static\logs\2025-03-28 15.16.log
2025-03-28 15:16:32 --- [31m[1mWARNING: This is a development server. Do not use it in a production deployment. Use a production WSGI server instead.[0m
 * Running on http://127.0.0.1:5000
2025-03-28 15:16:32 --- [33mPress CTRL+C to quit[0m
2025-03-28 15:16:32 ---  * Restarting with stat
2025-03-28 15:16:32 --- Archivo 2025-03-28 15.16.log creado con éxito en E:\Python\Proyecto Final Administradores de Bases de Datos\static\logs\2025-03-28 15.16.log
2025-03-28 15:16:32 ---  * Debugger is active!
2025-03-28 15:16:32 ---  * Debugger PIN: 532-327-938
2025-03-28 15:17:51 ---  * Detected change in 'E:\\Python\\Proyecto Final Administradores de Bases de Datos\\app.py', reloading
2025-03-28 15:17:51 --- Servidor desconectado
2025-03-28 15:17:51 ---  * Restarting with stat
2025-03-28 15:18:13 ---  * Restarting with stat
2025-03-28 15:18:52 ---  * Restarting with stat
2025-03-28 15:18:55 ---  * Restarting with stat
2025-03-28 15:19:26 ---  * Restarting with stat
2025-03-28 15:19:38 ---  * Restarting with stat
2025-03-28 15:20:29 ---  * Restarting with stat
2025-03-28 15:20:44 ---  * Restarting with stat
2025-03-28 15:22:03 ---  * Restarting with stat
2025-03-28 15:23:36 ---  * Restarting with stat
2025-03-28 15:26:13 ---  * Restarting with stat
2025-03-28 15:27:56 ---  * Restarting with stat
2025-03-28 15:30:50 ---  * Restarting with stat
2025-03-28 15:31:42 ---  * Restarting with stat
2025-03-28 15:33:28 ---  * Restarting with stat
2025-03-28 15:33:48 ---  * Restarting with stat
2025-03-28 15:33:48 --- Servidor desconectado
